# JRE version: OpenJDK Runtime Environment Temurin-21.0.11+10 (21.0.11+10) (build 21.0.11+10-LTS)
# Java VM: OpenJDK 64-Bit Server VM Temurin-21.0.11+10 (21.0.11+10-LTS, mixed mode, sharing, tiered, compressed oops, compressed class ptrs, parallel gc, windows-amd64)
GC Precious Log:
 CardTable entry size: 512
 CPUs: 8 total, 8 available
 Memory: 14280M
 Large Page Support: Disabled
 NUMA Support: Disabled
 Compressed Oops: Enabled (32-bit)
 Alignments: Space 512K, Generation 512K, Heap 2M
 Heap Min Capacity: 100M
 Heap Initial Capacity: 100M
 Heap Max Capacity: 2G
 Pre-touch: Disabled
 Parallel Workers: 8
Heap:
 PSYoungGen      total 3584K, used 1948K [0x00000000d5580000, 0x00000000d5a80000, 0x0000000100000000)
  eden space 3072K, 46% used [0x00000000d5580000,0x00000000d56e72c8,0x00000000d5880000)
  from space 512K, 100% used [0x00000000d5900000,0x00000000d5980000,0x00000000d5980000)
  to   space 1024K, 0% used [0x00000000d5980000,0x00000000d5980000,0x00000000d5a80000)
 ParOldGen       total 1366528K, used 1366396K [0x0000000080000000, 0x00000000d3680000, 0x00000000d5580000)
  object space 1366528K, 99% used [0x0000000080000000,0x00000000d365f178,0x00000000d3680000)
 Metaspace       used 88219K, committed 89792K, reserved 1179648K
  class space    used 8633K, committed 9408K, reserved 1048576K
GC Heap History (20 events):
Event: 170414.034 GC heap before
{Heap before GC invocations=5223 (full 6):
 PSYoungGen      total 4096K, used 3888K [0x00000000d5580000, 0x00000000d5a80000, 0x0000000100000000)
  eden space 3072K, 100% used [0x00000000d5580000,0x00000000d5880000,0x00000000d5880000)
  from space 1024K, 79% used [0x00000000d5880000,0x00000000d594c010,0x00000000d5980000)
  to   space 1024K, 0% used [0x00000000d5980000,0x00000000d5980000,0x00000000d5a80000)
 ParOldGen       total 1363456K, used 1363375K [0x0000000080000000, 0x00000000d3380000, 0x00000000d5580000)
  object space 1363456K, 99% used [0x0000000080000000,0x00000000d336bfe8,0x00000000d3380000)
 Metaspace       used 88219K, committed 89792K, reserved 1179648K
  class space    used 8633K, committed 9408K, reserved 1048576K
}
Event: 170414.041 GC heap after
{Heap after GC invocations=5223 (full 6):
 PSYoungGen      total 4096K, used 352K [0x00000000d5580000, 0x00000000d5a80000, 0x0000000100000000)
  eden space 3072K, 0% used [0x00000000d5580000,0x00000000d5580000,0x00000000d5880000)
  from space 1024K, 34% used [0x00000000d5980000,0x00000000d59d8000,0x00000000d5a80000)
  to   space 1024K, 0% used [0x00000000d5880000,0x00000000d5880000,0x00000000d5980000)
 ParOldGen       total 1364480K, used 1364088K [0x0000000080000000, 0x00000000d3480000, 0x00000000d5580000)
  object space 1364480K, 99% used [0x0000000080000000,0x00000000d341e028,0x00000000d3480000)
 Metaspace       used 88219K, committed 89792K, reserved 1179648K
  class space    used 8633K, committed 9408K, reserved 1048576K
}
Event: 170414.224 GC heap before
{Heap before GC invocations=5224 (full 6):
 PSYoungGen      total 4096K, used 3424K [0x00000000d5580000, 0x00000000d5a80000, 0x0000000100000000)
  eden space 3072K, 100% used [0x00000000d5580000,0x00000000d5880000,0x00000000d5880000)
  from space 1024K, 34% used [0x00000000d5980000,0x00000000d59d8000,0x00000000d5a80000)
  to   space 1024K, 0% used [0x00000000d5880000,0x00000000d5880000,0x00000000d5980000)
 ParOldGen       total 1364480K, used 1364088K [0x0000000080000000, 0x00000000d3480000, 0x00000000d5580000)
  object space 1364480K, 99% used [0x0000000080000000,0x00000000d341e028,0x00000000d3480000)
 Metaspace       used 88219K, committed 89792K, reserved 1179648K
  class space    used 8633K, committed 9408K, reserved 1048576K
}
Event: 170414.231 GC heap after
{Heap after GC invocations=5224 (full 6):
 PSYoungGen      total 4096K, used 416K [0x00000000d5580000, 0x00000000d5a00000, 0x0000000100000000)
  eden space 3072K, 0% used [0x00000000d5580000,0x00000000d5580000,0x00000000d5880000)
  from space 1024K, 40% used [0x00000000d5880000,0x00000000d58e8000,0x00000000d5980000)
  to   space 512K, 0% used [0x00000000d5980000,0x00000000d5980000,0x00000000d5a00000)
 ParOldGen       total 1364480K, used 1364352K [0x0000000080000000, 0x00000000d3480000, 0x00000000d5580000)
  object space 1364480K, 99% used [0x0000000080000000,0x00000000d3460068,0x00000000d3480000)
 Metaspace       used 88219K, committed 89792K, reserved 1179648K
  class space    used 8633K, committed 9408K, reserved 1048576K
}
Event: 170414.370 GC heap before
{Heap before GC invocations=5225 (full 6):
 PSYoungGen      total 4096K, used 3488K [0x00000000d5580000, 0x00000000d5a00000, 0x0000000100000000)
  eden space 3072K, 100% used [0x00000000d5580000,0x00000000d5880000,0x00000000d5880000)
  from space 1024K, 40% used [0x00000000d5880000,0x00000000d58e8000,0x00000000d5980000)
  to   space 512K, 0% used [0x00000000d5980000,0x00000000d5980000,0x00000000d5a00000)
 ParOldGen       total 1364480K, used 1364352K [0x0000000080000000, 0x00000000d3480000, 0x00000000d5580000)
  object space 1364480K, 99% used [0x0000000080000000,0x00000000d3460068,0x00000000d3480000)
 Metaspace       used 88219K, committed 89792K, reserved 1179648K
  class space    used 8633K, committed 9408K, reserved 1048576K
}
Event: 170414.374 GC heap after
{Heap after GC invocations=5225 (full 6):
 PSYoungGen      total 3584K, used 384K [0x00000000d5580000, 0x00000000d5a00000, 0x0000000100000000)
  eden space 3072K, 0% used [0x00000000d5580000,0x00000000d5580000,0x00000000d5880000)
  from space 512K, 75% used [0x00000000d5980000,0x00000000d59e0000,0x00000000d5a00000)
  to   space 512K, 0% used [0x00000000d5900000,0x00000000d5900000,0x00000000d5980000)
 ParOldGen       total 1364992K, used 1364600K [0x0000000080000000, 0x00000000d3500000, 0x00000000d5580000)
  object space 1364992K, 99% used [0x0000000080000000,0x00000000d349e0a8,0x00000000d3500000)
 Metaspace       used 88219K, committed 89792K, reserved 1179648K
  class space    used 8633K, committed 9408K, reserved 1048576K
}
Event: 170414.483 GC heap before
{Heap before GC invocations=5226 (full 6):
 PSYoungGen      total 3584K, used 3456K [0x00000000d5580000, 0x00000000d5a00000, 0x0000000100000000)
  eden space 3072K, 100% used [0x00000000d5580000,0x00000000d5880000,0x00000000d5880000)
  from space 512K, 75% used [0x00000000d5980000,0x00000000d59e0000,0x00000000d5a00000)
  to   space 512K, 0% used [0x00000000d5900000,0x00000000d5900000,0x00000000d5980000)
 ParOldGen       total 1364992K, used 1364600K [0x0000000080000000, 0x00000000d3500000, 0x00000000d5580000)
  object space 1364992K, 99% used [0x0000000080000000,0x00000000d349e0a8,0x00000000d3500000)
 Metaspace       used 88219K, committed 89792K, reserved 1179648K
  class space    used 8633K, committed 9408K, reserved 1048576K
}
Event: 170414.489 GC heap after
{Heap after GC invocations=5226 (full 6):
 PSYoungGen      total 3584K, used 288K [0x00000000d5580000, 0x00000000d5a00000, 0x0000000100000000)
  eden space 3072K, 0% used [0x00000000d5580000,0x00000000d5580000,0x00000000d5880000)
  from space 512K, 56% used [0x00000000d5900000,0x00000000d5948020,0x00000000d5980000)
  to   space 512K, 0% used [0x00000000d5980000,0x00000000d5980000,0x00000000d5a00000)
 ParOldGen       total 1364992K, used 1364856K [0x0000000080000000, 0x00000000d3500000, 0x00000000d5580000)
  object space 1364992K, 99% used [0x0000000080000000,0x00000000d34de0c8,0x00000000d3500000)
 Metaspace       used 88219K, committed 89792K, reserved 1179648K
  class space    used 8633K, committed 9408K, reserved 1048576K
}
Event: 170414.602 GC heap before
{Heap before GC invocations=5227 (full 6):
 PSYoungGen      total 3584K, used 3360K [0x00000000d5580000, 0x00000000d5a00000, 0x0000000100000000)
  eden space 3072K, 100% used [0x00000000d5580000,0x00000000d5880000,0x00000000d5880000)
  from space 512K, 56% used [0x00000000d5900000,0x00000000d5948020,0x00000000d5980000)
  to   space 512K, 0% used [0x00000000d5980000,0x00000000d5980000,0x00000000d5a00000)
 ParOldGen       total 1364992K, used 1364856K [0x0000000080000000, 0x00000000d3500000, 0x00000000d5580000)
  object space 1364992K, 99% used [0x0000000080000000,0x00000000d34de0c8,0x00000000d3500000)
 Metaspace       used 88219K, committed 89792K, reserved 1179648K
  class space    used 8633K, committed 9408K, reserved 1048576K
}
Event: 170414.606 GC heap after
{Heap after GC invocations=5227 (full 6):
 PSYoungGen      total 3584K, used 352K [0x00000000d5580000, 0x00000000d5a00000, 0x0000000100000000)
  eden space 3072K, 0% used [0x00000000d5580000,0x00000000d5580000,0x00000000d5880000)
  from space 512K, 68% used [0x00000000d5980000,0x00000000d59d8000,0x00000000d5a00000)
  to   space 512K, 0% used [0x00000000d5900000,0x00000000d5900000,0x00000000d5980000)
 ParOldGen       total 1365504K, used 1365040K [0x0000000080000000, 0x00000000d3580000, 0x00000000d5580000)
  object space 1365504K, 99% used [0x0000000080000000,0x00000000d350c0e8,0x00000000d3580000)
 Metaspace       used 88219K, committed 89792K, reserved 1179648K
  class space    used 8633K, committed 9408K, reserved 1048576K
}
Event: 170414.748 GC heap before
{Heap before GC invocations=5228 (full 6):
 PSYoungGen      total 3584K, used 3424K [0x00000000d5580000, 0x00000000d5a00000, 0x0000000100000000)
  eden space 3072K, 100% used [0x00000000d5580000,0x00000000d5880000,0x00000000d5880000)
  from space 512K, 68% used [0x00000000d5980000,0x00000000d59d8000,0x00000000d5a00000)
  to   space 512K, 0% used [0x00000000d5900000,0x00000000d5900000,0x00000000d5980000)
 ParOldGen       total 1365504K, used 1365040K [0x0000000080000000, 0x00000000d3580000, 0x00000000d5580000)
  object space 1365504K, 99% used [0x0000000080000000,0x00000000d350c0e8,0x00000000d3580000)
 Metaspace       used 88219K, committed 89792K, reserved 1179648K
  class space    used 8633K, committed 9408K, reserved 1048576K
}
Event: 170414.753 GC heap after
{Heap after GC invocations=5228 (full 6):
 PSYoungGen      total 3584K, used 352K [0x00000000d5580000, 0x00000000d5a00000, 0x0000000100000000)
  eden space 3072K, 0% used [0x00000000d5580000,0x00000000d5580000,0x00000000d5880000)
  from space 512K, 68% used [0x00000000d5900000,0x00000000d5958000,0x00000000d5980000)
  to   space 512K, 0% used [0x00000000d5980000,0x00000000d5980000,0x00000000d5a00000)
 ParOldGen       total 1365504K, used 1365296K [0x0000000080000000, 0x00000000d3580000, 0x00000000d5580000)
  object space 1365504K, 99% used [0x0000000080000000,0x00000000d354c108,0x00000000d3580000)
 Metaspace       used 88219K, committed 89792K, reserved 1179648K
  class space    used 8633K, committed 9408K, reserved 1048576K
}
Event: 170414.889 GC heap before
{Heap before GC invocations=5229 (full 6):
 PSYoungGen      total 3584K, used 3424K [0x00000000d5580000, 0x00000000d5a00000, 0x0000000100000000)
  eden space 3072K, 100% used [0x00000000d5580000,0x00000000d5880000,0x00000000d5880000)
  from space 512K, 68% used [0x00000000d5900000,0x00000000d5958000,0x00000000d5980000)
  to   space 512K, 0% used [0x00000000d5980000,0x00000000d5980000,0x00000000d5a00000)
 ParOldGen       total 1365504K, used 1365296K [0x0000000080000000, 0x00000000d3580000, 0x00000000d5580000)
  object space 1365504K, 99% used [0x0000000080000000,0x00000000d354c108,0x00000000d3580000)
 Metaspace       used 88219K, committed 89792K, reserved 1179648K
  class space    used 8633K, committed 9408K, reserved 1048576K
}
Event: 170414.893 GC heap after
{Heap after GC invocations=5229 (full 6):
 PSYoungGen      total 3584K, used 272K [0x00000000d5580000, 0x00000000d5a00000, 0x0000000100000000)
  eden space 3072K, 0% used [0x00000000d5580000,0x00000000d5580000,0x00000000d5880000)
  from space 512K, 53% used [0x00000000d5980000,0x00000000d59c4010,0x00000000d5a00000)
  to   space 512K, 0% used [0x00000000d5900000,0x00000000d5900000,0x00000000d5980000)
 ParOldGen       total 1366016K, used 1365560K [0x0000000080000000, 0x00000000d3600000, 0x00000000d5580000)
  object space 1366016K, 99% used [0x0000000080000000,0x00000000d358e128,0x00000000d3600000)
 Metaspace       used 88219K, committed 89792K, reserved 1179648K
  class space    used 8633K, committed 9408K, reserved 1048576K
}
Event: 170415.006 GC heap before
{Heap before GC invocations=5230 (full 6):
 PSYoungGen      total 3584K, used 3344K [0x00000000d5580000, 0x00000000d5a00000, 0x0000000100000000)
  eden space 3072K, 100% used [0x00000000d5580000,0x00000000d5880000,0x00000000d5880000)
  from space 512K, 53% used [0x00000000d5980000,0x00000000d59c4010,0x00000000d5a00000)
  to   space 512K, 0% used [0x00000000d5900000,0x00000000d5900000,0x00000000d5980000)
 ParOldGen       total 1366016K, used 1365560K [0x0000000080000000, 0x00000000d3600000, 0x00000000d5580000)
  object space 1366016K, 99% used [0x0000000080000000,0x00000000d358e128,0x00000000d3600000)
 Metaspace       used 88219K, committed 89792K, reserved 1179648K
  class space    used 8633K, committed 9408K, reserved 1048576K
}
Event: 170415.012 GC heap after
{Heap after GC invocations=5230 (full 6):
 PSYoungGen      total 3584K, used 384K [0x00000000d5580000, 0x00000000d5a00000, 0x0000000100000000)
  eden space 3072K, 0% used [0x00000000d5580000,0x00000000d5580000,0x00000000d5880000)
  from space 512K, 75% used [0x00000000d5900000,0x00000000d5960000,0x00000000d5980000)
  to   space 512K, 0% used [0x00000000d5980000,0x00000000d5980000,0x00000000d5a00000)
 ParOldGen       total 1366016K, used 1365760K [0x0000000080000000, 0x00000000d3600000, 0x00000000d5580000)
  object space 1366016K, 99% used [0x0000000080000000,0x00000000d35c0148,0x00000000d3600000)
 Metaspace       used 88219K, committed 89792K, reserved 1179648K
  class space    used 8633K, committed 9408K, reserved 1048576K
}
Event: 170415.123 GC heap before
{Heap before GC invocations=5231 (full 6):
 PSYoungGen      total 3584K, used 3456K [0x00000000d5580000, 0x00000000d5a00000, 0x0000000100000000)
  eden space 3072K, 100% used [0x00000000d5580000,0x00000000d5880000,0x00000000d5880000)
  from space 512K, 75% used [0x00000000d5900000,0x00000000d5960000,0x00000000d5980000)
  to   space 512K, 0% used [0x00000000d5980000,0x00000000d5980000,0x00000000d5a00000)
 ParOldGen       total 1366016K, used 1365760K [0x0000000080000000, 0x00000000d3600000, 0x00000000d5580000)
  object space 1366016K, 99% used [0x0000000080000000,0x00000000d35c0148,0x00000000d3600000)
 Metaspace       used 88219K, committed 89792K, reserved 1179648K
  class space    used 8633K, committed 9408K, reserved 1048576K
}
Event: 170415.128 GC heap after
{Heap after GC invocations=5231 (full 6):
 PSYoungGen      total 3584K, used 384K [0x00000000d5580000, 0x00000000d5a00000, 0x0000000100000000)
  eden space 3072K, 0% used [0x00000000d5580000,0x00000000d5580000,0x00000000d5880000)
  from space 512K, 75% used [0x00000000d5980000,0x00000000d59e0000,0x00000000d5a00000)
  to   space 512K, 0% used [0x00000000d5900000,0x00000000d5900000,0x00000000d5980000)
 ParOldGen       total 1366528K, used 1366016K [0x0000000080000000, 0x00000000d3680000, 0x00000000d5580000)
  object space 1366528K, 99% used [0x0000000080000000,0x00000000d3600148,0x00000000d3680000)
 Metaspace       used 88219K, committed 89792K, reserved 1179648K
  class space    used 8633K, committed 9408K, reserved 1048576K
}
Event: 170415.173 GC heap before
{Heap before GC invocations=5232 (full 6):
 PSYoungGen      total 3584K, used 3456K [0x00000000d5580000, 0x00000000d5a00000, 0x0000000100000000)
  eden space 3072K, 100% used [0x00000000d5580000,0x00000000d5880000,0x00000000d5880000)
  from space 512K, 75% used [0x00000000d5980000,0x00000000d59e0000,0x00000000d5a00000)
  to   space 512K, 0% used [0x00000000d5900000,0x00000000d5900000,0x00000000d5980000)
 ParOldGen       total 1366528K, used 1366016K [0x0000000080000000, 0x00000000d3680000, 0x00000000d5580000)
  object space 1366528K, 99% used [0x0000000080000000,0x00000000d3600148,0x00000000d3680000)
 Metaspace       used 88219K, committed 89792K, reserved 1179648K
  class space    used 8633K, committed 9408K, reserved 1048576K
}
Event: 170415.178 GC heap after
{Heap after GC invocations=5232 (full 6):
 PSYoungGen      total 3584K, used 512K [0x00000000d5580000, 0x00000000d5a80000, 0x0000000100000000)
  eden space 3072K, 0% used [0x00000000d5580000,0x00000000d5580000,0x00000000d5880000)
  from space 512K, 100% used [0x00000000d5900000,0x00000000d5980000,0x00000000d5980000)
  to   space 1024K, 0% used [0x00000000d5980000,0x00000000d5980000,0x00000000d5a80000)
 ParOldGen       total 1366528K, used 1366396K [0x0000000080000000, 0x00000000d3680000, 0x00000000d5580000)
  object space 1366528K, 99% used [0x0000000080000000,0x00000000d365f178,0x00000000d3680000)
 Metaspace       used 88219K, committed 89792K, reserved 1179648K
  class space    used 8633K, committed 9408K, reserved 1048576K
}

